2019-08-14 10:32:40,279 INFO 4607 [egg-schedule]: register schedule /Volumes/d/node/日考/6/node_modules/egg-multipart/app/schedule/clean_tmpdir.js
2019-08-14 10:32:40,279 INFO 4607 [egg-schedule]: register schedule /Volumes/d/node/日考/6/node_modules/egg-logrotator/app/schedule/clean_log.js
2019-08-14 10:32:40,279 INFO 4607 [egg-schedule]: register schedule /Volumes/d/node/日考/6/node_modules/egg-logrotator/app/schedule/rotate_by_file.js
2019-08-14 10:32:40,434 INFO 4606 [Timer] /Volumes/d/node/日考/6/node_modules/egg-multipart/app/schedule/clean_tmpdir.js next time will execute after 64639571ms at 2019-08-15 04:30:00.005
2019-08-14 10:32:40,434 INFO 4606 [Timer] /Volumes/d/node/日考/6/node_modules/egg-logrotator/app/schedule/clean_log.js next time will execute after 48439566ms at 2019-08-15 00:00:00.000
2019-08-14 10:32:40,435 INFO 4606 [Timer] /Volumes/d/node/日考/6/node_modules/egg-logrotator/app/schedule/rotate_by_file.js next time will execute after 48440566ms at 2019-08-15 00:00:01.001
2019-08-14 10:33:06,061 INFO 4611 [egg-schedule]: register schedule /Volumes/d/node/日考/6/node_modules/egg-multipart/app/schedule/clean_tmpdir.js
2019-08-14 10:33:06,061 INFO 4611 [egg-schedule]: register schedule /Volumes/d/node/日考/6/node_modules/egg-logrotator/app/schedule/clean_log.js
2019-08-14 10:33:06,061 INFO 4611 [egg-schedule]: register schedule /Volumes/d/node/日考/6/node_modules/egg-logrotator/app/schedule/rotate_by_file.js
2019-08-14 10:33:10,625 INFO 4612 [egg-schedule]: register schedule /Volumes/d/node/日考/6/node_modules/egg-multipart/app/schedule/clean_tmpdir.js
2019-08-14 10:33:10,625 INFO 4612 [egg-schedule]: register schedule /Volumes/d/node/日考/6/node_modules/egg-logrotator/app/schedule/clean_log.js
2019-08-14 10:33:10,625 INFO 4612 [egg-schedule]: register schedule /Volumes/d/node/日考/6/node_modules/egg-logrotator/app/schedule/rotate_by_file.js
2019-08-14 10:39:04,931 INFO 4660 [Timer] /Volumes/d/node/日考/6/node_modules/egg-multipart/app/schedule/clean_tmpdir.js next time will execute after 64255074ms at 2019-08-15 04:30:00.005
2019-08-14 10:39:04,932 INFO 4660 [Timer] /Volumes/d/node/日考/6/node_modules/egg-logrotator/app/schedule/clean_log.js next time will execute after 48055069ms at 2019-08-15 00:00:00.001
2019-08-14 10:39:04,933 INFO 4660 [Timer] /Volumes/d/node/日考/6/node_modules/egg-logrotator/app/schedule/rotate_by_file.js next time will execute after 48056068ms at 2019-08-15 00:00:01.000
2019-08-14 10:39:04,794 INFO 4661 [egg-schedule]: register schedule /Volumes/d/node/日考/6/node_modules/egg-multipart/app/schedule/clean_tmpdir.js
2019-08-14 10:39:04,794 INFO 4661 [egg-schedule]: register schedule /Volumes/d/node/日考/6/node_modules/egg-logrotator/app/schedule/clean_log.js
2019-08-14 10:39:04,794 INFO 4661 [egg-schedule]: register schedule /Volumes/d/node/日考/6/node_modules/egg-logrotator/app/schedule/rotate_by_file.js
2019-08-14 10:39:08,299 INFO 4663 [egg-schedule]: register schedule /Volumes/d/node/日考/6/node_modules/egg-multipart/app/schedule/clean_tmpdir.js
2019-08-14 10:39:08,299 INFO 4663 [egg-schedule]: register schedule /Volumes/d/node/日考/6/node_modules/egg-logrotator/app/schedule/clean_log.js
2019-08-14 10:39:08,299 INFO 4663 [egg-schedule]: register schedule /Volumes/d/node/日考/6/node_modules/egg-logrotator/app/schedule/rotate_by_file.js
2019-08-14 10:39:38,360 INFO 4666 [egg-schedule]: register schedule /Volumes/d/node/日考/6/node_modules/egg-multipart/app/schedule/clean_tmpdir.js
2019-08-14 10:39:38,360 INFO 4666 [egg-schedule]: register schedule /Volumes/d/node/日考/6/node_modules/egg-logrotator/app/schedule/clean_log.js
2019-08-14 10:39:38,360 INFO 4666 [egg-schedule]: register schedule /Volumes/d/node/日考/6/node_modules/egg-logrotator/app/schedule/rotate_by_file.js
2019-08-14 10:39:39,162 INFO 4667 [egg-schedule]: register schedule /Volumes/d/node/日考/6/node_modules/egg-multipart/app/schedule/clean_tmpdir.js
2019-08-14 10:39:39,162 INFO 4667 [egg-schedule]: register schedule /Volumes/d/node/日考/6/node_modules/egg-logrotator/app/schedule/clean_log.js
2019-08-14 10:39:39,162 INFO 4667 [egg-schedule]: register schedule /Volumes/d/node/日考/6/node_modules/egg-logrotator/app/schedule/rotate_by_file.js
2019-08-14 10:41:00,720 INFO 4674 [egg-schedule]: register schedule /Volumes/d/node/日考/6/node_modules/egg-multipart/app/schedule/clean_tmpdir.js
2019-08-14 10:41:00,720 INFO 4674 [egg-schedule]: register schedule /Volumes/d/node/日考/6/node_modules/egg-logrotator/app/schedule/clean_log.js
2019-08-14 10:41:00,720 INFO 4674 [egg-schedule]: register schedule /Volumes/d/node/日考/6/node_modules/egg-logrotator/app/schedule/rotate_by_file.js
2019-08-14 10:41:01,797 INFO 4675 [egg-schedule]: register schedule /Volumes/d/node/日考/6/node_modules/egg-multipart/app/schedule/clean_tmpdir.js
2019-08-14 10:41:01,797 INFO 4675 [egg-schedule]: register schedule /Volumes/d/node/日考/6/node_modules/egg-logrotator/app/schedule/clean_log.js
2019-08-14 10:41:01,797 INFO 4675 [egg-schedule]: register schedule /Volumes/d/node/日考/6/node_modules/egg-logrotator/app/schedule/rotate_by_file.js
2019-08-14 10:41:20,877 INFO 4681 [Timer] /Volumes/d/node/日考/6/node_modules/egg-multipart/app/schedule/clean_tmpdir.js next time will execute after 64119126ms at 2019-08-15 04:30:00.003
2019-08-14 10:41:20,877 INFO 4681 [Timer] /Volumes/d/node/日考/6/node_modules/egg-logrotator/app/schedule/clean_log.js next time will execute after 47919123ms at 2019-08-15 00:00:00.000
2019-08-14 10:41:20,878 INFO 4681 [Timer] /Volumes/d/node/日考/6/node_modules/egg-logrotator/app/schedule/rotate_by_file.js next time will execute after 47920123ms at 2019-08-15 00:00:01.001
2019-08-14 10:41:20,694 INFO 4682 [egg-schedule]: register schedule /Volumes/d/node/日考/6/node_modules/egg-multipart/app/schedule/clean_tmpdir.js
2019-08-14 10:41:20,695 INFO 4682 [egg-schedule]: register schedule /Volumes/d/node/日考/6/node_modules/egg-logrotator/app/schedule/clean_log.js
2019-08-14 10:41:20,695 INFO 4682 [egg-schedule]: register schedule /Volumes/d/node/日考/6/node_modules/egg-logrotator/app/schedule/rotate_by_file.js
2019-08-14 10:41:40,476 INFO 4687 [egg-schedule]: register schedule /Volumes/d/node/日考/6/node_modules/egg-multipart/app/schedule/clean_tmpdir.js
2019-08-14 10:41:40,476 INFO 4687 [egg-schedule]: register schedule /Volumes/d/node/日考/6/node_modules/egg-logrotator/app/schedule/clean_log.js
2019-08-14 10:41:40,476 INFO 4687 [egg-schedule]: register schedule /Volumes/d/node/日考/6/node_modules/egg-logrotator/app/schedule/rotate_by_file.js
2019-08-14 10:41:43,065 INFO 4688 [egg-schedule]: register schedule /Volumes/d/node/日考/6/node_modules/egg-multipart/app/schedule/clean_tmpdir.js
2019-08-14 10:41:43,065 INFO 4688 [egg-schedule]: register schedule /Volumes/d/node/日考/6/node_modules/egg-logrotator/app/schedule/clean_log.js
2019-08-14 10:41:43,065 INFO 4688 [egg-schedule]: register schedule /Volumes/d/node/日考/6/node_modules/egg-logrotator/app/schedule/rotate_by_file.js
2019-08-14 10:41:45,987 INFO 4690 [egg-schedule]: register schedule /Volumes/d/node/日考/6/node_modules/egg-multipart/app/schedule/clean_tmpdir.js
2019-08-14 10:41:45,987 INFO 4690 [egg-schedule]: register schedule /Volumes/d/node/日考/6/node_modules/egg-logrotator/app/schedule/clean_log.js
2019-08-14 10:41:45,987 INFO 4690 [egg-schedule]: register schedule /Volumes/d/node/日考/6/node_modules/egg-logrotator/app/schedule/rotate_by_file.js
2019-08-14 10:41:47,027 INFO 4691 [egg-schedule]: register schedule /Volumes/d/node/日考/6/node_modules/egg-multipart/app/schedule/clean_tmpdir.js
2019-08-14 10:41:47,027 INFO 4691 [egg-schedule]: register schedule /Volumes/d/node/日考/6/node_modules/egg-logrotator/app/schedule/clean_log.js
2019-08-14 10:41:47,027 INFO 4691 [egg-schedule]: register schedule /Volumes/d/node/日考/6/node_modules/egg-logrotator/app/schedule/rotate_by_file.js
2019-08-14 10:42:26,804 INFO 4694 [egg-schedule]: register schedule /Volumes/d/node/日考/6/node_modules/egg-multipart/app/schedule/clean_tmpdir.js
2019-08-14 10:42:26,804 INFO 4694 [egg-schedule]: register schedule /Volumes/d/node/日考/6/node_modules/egg-logrotator/app/schedule/clean_log.js
2019-08-14 10:42:26,804 INFO 4694 [egg-schedule]: register schedule /Volumes/d/node/日考/6/node_modules/egg-logrotator/app/schedule/rotate_by_file.js
2019-08-14 10:42:27,933 INFO 4695 [egg-schedule]: register schedule /Volumes/d/node/日考/6/node_modules/egg-multipart/app/schedule/clean_tmpdir.js
2019-08-14 10:42:27,933 INFO 4695 [egg-schedule]: register schedule /Volumes/d/node/日考/6/node_modules/egg-logrotator/app/schedule/clean_log.js
2019-08-14 10:42:27,933 INFO 4695 [egg-schedule]: register schedule /Volumes/d/node/日考/6/node_modules/egg-logrotator/app/schedule/rotate_by_file.js
2019-08-14 10:42:30,384 INFO 4696 [egg-schedule]: register schedule /Volumes/d/node/日考/6/node_modules/egg-multipart/app/schedule/clean_tmpdir.js
2019-08-14 10:42:30,384 INFO 4696 [egg-schedule]: register schedule /Volumes/d/node/日考/6/node_modules/egg-logrotator/app/schedule/clean_log.js
2019-08-14 10:42:30,384 INFO 4696 [egg-schedule]: register schedule /Volumes/d/node/日考/6/node_modules/egg-logrotator/app/schedule/rotate_by_file.js
2019-08-14 10:42:41,404 INFO 4699 [egg-schedule]: register schedule /Volumes/d/node/日考/6/node_modules/egg-multipart/app/schedule/clean_tmpdir.js
2019-08-14 10:42:41,404 INFO 4699 [egg-schedule]: register schedule /Volumes/d/node/日考/6/node_modules/egg-logrotator/app/schedule/clean_log.js
2019-08-14 10:42:41,404 INFO 4699 [egg-schedule]: register schedule /Volumes/d/node/日考/6/node_modules/egg-logrotator/app/schedule/rotate_by_file.js
2019-08-14 10:43:01,735 INFO 4702 [egg-schedule]: register schedule /Volumes/d/node/日考/6/node_modules/egg-multipart/app/schedule/clean_tmpdir.js
2019-08-14 10:43:01,735 INFO 4702 [egg-schedule]: register schedule /Volumes/d/node/日考/6/node_modules/egg-logrotator/app/schedule/clean_log.js
2019-08-14 10:43:01,735 INFO 4702 [egg-schedule]: register schedule /Volumes/d/node/日考/6/node_modules/egg-logrotator/app/schedule/rotate_by_file.js
2019-08-14 10:43:47,306 INFO 4710 [egg-schedule]: register schedule /Volumes/d/node/日考/6/node_modules/egg-multipart/app/schedule/clean_tmpdir.js
2019-08-14 10:43:47,306 INFO 4710 [egg-schedule]: register schedule /Volumes/d/node/日考/6/node_modules/egg-logrotator/app/schedule/clean_log.js
2019-08-14 10:43:47,306 INFO 4710 [egg-schedule]: register schedule /Volumes/d/node/日考/6/node_modules/egg-logrotator/app/schedule/rotate_by_file.js
2019-08-14 10:44:15,765 INFO 4713 [egg-schedule]: register schedule /Volumes/d/node/日考/6/node_modules/egg-multipart/app/schedule/clean_tmpdir.js
2019-08-14 10:44:15,765 INFO 4713 [egg-schedule]: register schedule /Volumes/d/node/日考/6/node_modules/egg-logrotator/app/schedule/clean_log.js
2019-08-14 10:44:15,765 INFO 4713 [egg-schedule]: register schedule /Volumes/d/node/日考/6/node_modules/egg-logrotator/app/schedule/rotate_by_file.js
2019-08-14 10:44:21,149 INFO 4716 [egg-schedule]: register schedule /Volumes/d/node/日考/6/node_modules/egg-multipart/app/schedule/clean_tmpdir.js
2019-08-14 10:44:21,149 INFO 4716 [egg-schedule]: register schedule /Volumes/d/node/日考/6/node_modules/egg-logrotator/app/schedule/clean_log.js
2019-08-14 10:44:21,150 INFO 4716 [egg-schedule]: register schedule /Volumes/d/node/日考/6/node_modules/egg-logrotator/app/schedule/rotate_by_file.js
2019-08-14 10:44:34,897 INFO 4717 [egg-schedule]: register schedule /Volumes/d/node/日考/6/node_modules/egg-multipart/app/schedule/clean_tmpdir.js
2019-08-14 10:44:34,897 INFO 4717 [egg-schedule]: register schedule /Volumes/d/node/日考/6/node_modules/egg-logrotator/app/schedule/clean_log.js
2019-08-14 10:44:34,897 INFO 4717 [egg-schedule]: register schedule /Volumes/d/node/日考/6/node_modules/egg-logrotator/app/schedule/rotate_by_file.js
2019-08-14 10:44:42,529 INFO 4720 [egg-schedule]: register schedule /Volumes/d/node/日考/6/node_modules/egg-multipart/app/schedule/clean_tmpdir.js
2019-08-14 10:44:42,529 INFO 4720 [egg-schedule]: register schedule /Volumes/d/node/日考/6/node_modules/egg-logrotator/app/schedule/clean_log.js
2019-08-14 10:44:42,529 INFO 4720 [egg-schedule]: register schedule /Volumes/d/node/日考/6/node_modules/egg-logrotator/app/schedule/rotate_by_file.js
2019-08-14 10:44:49,723 INFO 4723 [egg-schedule]: register schedule /Volumes/d/node/日考/6/node_modules/egg-multipart/app/schedule/clean_tmpdir.js
2019-08-14 10:44:49,723 INFO 4723 [egg-schedule]: register schedule /Volumes/d/node/日考/6/node_modules/egg-logrotator/app/schedule/clean_log.js
2019-08-14 10:44:49,723 INFO 4723 [egg-schedule]: register schedule /Volumes/d/node/日考/6/node_modules/egg-logrotator/app/schedule/rotate_by_file.js
2019-08-14 10:45:15,779 INFO 4725 [egg-schedule]: register schedule /Volumes/d/node/日考/6/node_modules/egg-multipart/app/schedule/clean_tmpdir.js
2019-08-14 10:45:15,779 INFO 4725 [egg-schedule]: register schedule /Volumes/d/node/日考/6/node_modules/egg-logrotator/app/schedule/clean_log.js
2019-08-14 10:45:15,779 INFO 4725 [egg-schedule]: register schedule /Volumes/d/node/日考/6/node_modules/egg-logrotator/app/schedule/rotate_by_file.js
2019-08-14 10:45:16,719 INFO 4726 [egg-schedule]: register schedule /Volumes/d/node/日考/6/node_modules/egg-multipart/app/schedule/clean_tmpdir.js
2019-08-14 10:45:16,719 INFO 4726 [egg-schedule]: register schedule /Volumes/d/node/日考/6/node_modules/egg-logrotator/app/schedule/clean_log.js
2019-08-14 10:45:16,719 INFO 4726 [egg-schedule]: register schedule /Volumes/d/node/日考/6/node_modules/egg-logrotator/app/schedule/rotate_by_file.js
2019-08-14 10:47:18,859 INFO 4751 [egg-schedule]: register schedule /Volumes/d/node/日考/6/node_modules/egg-multipart/app/schedule/clean_tmpdir.js
2019-08-14 10:47:18,859 INFO 4751 [egg-schedule]: register schedule /Volumes/d/node/日考/6/node_modules/egg-logrotator/app/schedule/clean_log.js
2019-08-14 10:47:18,859 INFO 4751 [egg-schedule]: register schedule /Volumes/d/node/日考/6/node_modules/egg-logrotator/app/schedule/rotate_by_file.js
2019-08-14 10:47:19,975 INFO 4752 [egg-schedule]: register schedule /Volumes/d/node/日考/6/node_modules/egg-multipart/app/schedule/clean_tmpdir.js
2019-08-14 10:47:19,975 INFO 4752 [egg-schedule]: register schedule /Volumes/d/node/日考/6/node_modules/egg-logrotator/app/schedule/clean_log.js
2019-08-14 10:47:19,975 INFO 4752 [egg-schedule]: register schedule /Volumes/d/node/日考/6/node_modules/egg-logrotator/app/schedule/rotate_by_file.js
2019-08-14 10:47:30,207 INFO 4753 [egg-schedule]: register schedule /Volumes/d/node/日考/6/node_modules/egg-multipart/app/schedule/clean_tmpdir.js
2019-08-14 10:47:30,207 INFO 4753 [egg-schedule]: register schedule /Volumes/d/node/日考/6/node_modules/egg-logrotator/app/schedule/clean_log.js
2019-08-14 10:47:30,207 INFO 4753 [egg-schedule]: register schedule /Volumes/d/node/日考/6/node_modules/egg-logrotator/app/schedule/rotate_by_file.js
2019-08-14 10:48:10,425 INFO 4754 [egg-schedule]: register schedule /Volumes/d/node/日考/6/node_modules/egg-multipart/app/schedule/clean_tmpdir.js
2019-08-14 10:48:10,425 INFO 4754 [egg-schedule]: register schedule /Volumes/d/node/日考/6/node_modules/egg-logrotator/app/schedule/clean_log.js
2019-08-14 10:48:10,425 INFO 4754 [egg-schedule]: register schedule /Volumes/d/node/日考/6/node_modules/egg-logrotator/app/schedule/rotate_by_file.js
2019-08-14 10:49:39,959 INFO 4773 [egg-schedule]: register schedule /Volumes/d/node/日考/6/node_modules/egg-multipart/app/schedule/clean_tmpdir.js
2019-08-14 10:49:39,959 INFO 4773 [egg-schedule]: register schedule /Volumes/d/node/日考/6/node_modules/egg-logrotator/app/schedule/clean_log.js
2019-08-14 10:49:39,959 INFO 4773 [egg-schedule]: register schedule /Volumes/d/node/日考/6/node_modules/egg-logrotator/app/schedule/rotate_by_file.js
2019-08-14 10:49:48,551 INFO 4774 [egg-schedule]: register schedule /Volumes/d/node/日考/6/node_modules/egg-multipart/app/schedule/clean_tmpdir.js
2019-08-14 10:49:48,551 INFO 4774 [egg-schedule]: register schedule /Volumes/d/node/日考/6/node_modules/egg-logrotator/app/schedule/clean_log.js
2019-08-14 10:49:48,551 INFO 4774 [egg-schedule]: register schedule /Volumes/d/node/日考/6/node_modules/egg-logrotator/app/schedule/rotate_by_file.js
2019-08-14 10:51:17,070 INFO 4788 [egg-schedule]: register schedule /Volumes/d/node/日考/6/node_modules/egg-multipart/app/schedule/clean_tmpdir.js
2019-08-14 10:51:17,070 INFO 4788 [egg-schedule]: register schedule /Volumes/d/node/日考/6/node_modules/egg-logrotator/app/schedule/clean_log.js
2019-08-14 10:51:17,070 INFO 4788 [egg-schedule]: register schedule /Volumes/d/node/日考/6/node_modules/egg-logrotator/app/schedule/rotate_by_file.js
2019-08-14 10:51:19,636 INFO 4789 [egg-schedule]: register schedule /Volumes/d/node/日考/6/node_modules/egg-multipart/app/schedule/clean_tmpdir.js
2019-08-14 10:51:19,636 INFO 4789 [egg-schedule]: register schedule /Volumes/d/node/日考/6/node_modules/egg-logrotator/app/schedule/clean_log.js
2019-08-14 10:51:19,636 INFO 4789 [egg-schedule]: register schedule /Volumes/d/node/日考/6/node_modules/egg-logrotator/app/schedule/rotate_by_file.js
2019-08-14 10:52:13,415 INFO 4790 [egg-schedule]: register schedule /Volumes/d/node/日考/6/node_modules/egg-multipart/app/schedule/clean_tmpdir.js
2019-08-14 10:52:13,415 INFO 4790 [egg-schedule]: register schedule /Volumes/d/node/日考/6/node_modules/egg-logrotator/app/schedule/clean_log.js
2019-08-14 10:52:13,415 INFO 4790 [egg-schedule]: register schedule /Volumes/d/node/日考/6/node_modules/egg-logrotator/app/schedule/rotate_by_file.js
2019-08-14 10:52:16,461 INFO 4791 [egg-schedule]: register schedule /Volumes/d/node/日考/6/node_modules/egg-multipart/app/schedule/clean_tmpdir.js
2019-08-14 10:52:16,461 INFO 4791 [egg-schedule]: register schedule /Volumes/d/node/日考/6/node_modules/egg-logrotator/app/schedule/clean_log.js
2019-08-14 10:52:16,461 INFO 4791 [egg-schedule]: register schedule /Volumes/d/node/日考/6/node_modules/egg-logrotator/app/schedule/rotate_by_file.js
2019-08-14 10:52:19,335 INFO 4792 [egg-schedule]: register schedule /Volumes/d/node/日考/6/node_modules/egg-multipart/app/schedule/clean_tmpdir.js
2019-08-14 10:52:19,335 INFO 4792 [egg-schedule]: register schedule /Volumes/d/node/日考/6/node_modules/egg-logrotator/app/schedule/clean_log.js
2019-08-14 10:52:19,336 INFO 4792 [egg-schedule]: register schedule /Volumes/d/node/日考/6/node_modules/egg-logrotator/app/schedule/rotate_by_file.js
2019-08-14 10:52:36,626 INFO 4795 [egg-schedule]: register schedule /Volumes/d/node/日考/6/node_modules/egg-multipart/app/schedule/clean_tmpdir.js
2019-08-14 10:52:36,626 INFO 4795 [egg-schedule]: register schedule /Volumes/d/node/日考/6/node_modules/egg-logrotator/app/schedule/clean_log.js
2019-08-14 10:52:36,626 INFO 4795 [egg-schedule]: register schedule /Volumes/d/node/日考/6/node_modules/egg-logrotator/app/schedule/rotate_by_file.js
2019-08-14 10:53:39,293 INFO 4801 [egg-schedule]: register schedule /Volumes/d/node/日考/6/node_modules/egg-multipart/app/schedule/clean_tmpdir.js
2019-08-14 10:53:39,293 INFO 4801 [egg-schedule]: register schedule /Volumes/d/node/日考/6/node_modules/egg-logrotator/app/schedule/clean_log.js
2019-08-14 10:53:39,293 INFO 4801 [egg-schedule]: register schedule /Volumes/d/node/日考/6/node_modules/egg-logrotator/app/schedule/rotate_by_file.js
2019-08-14 10:53:40,123 INFO 4802 [egg-schedule]: register schedule /Volumes/d/node/日考/6/node_modules/egg-multipart/app/schedule/clean_tmpdir.js
2019-08-14 10:53:40,123 INFO 4802 [egg-schedule]: register schedule /Volumes/d/node/日考/6/node_modules/egg-logrotator/app/schedule/clean_log.js
2019-08-14 10:53:40,123 INFO 4802 [egg-schedule]: register schedule /Volumes/d/node/日考/6/node_modules/egg-logrotator/app/schedule/rotate_by_file.js
2019-08-14 10:53:41,108 INFO 4803 [egg-schedule]: register schedule /Volumes/d/node/日考/6/node_modules/egg-multipart/app/schedule/clean_tmpdir.js
2019-08-14 10:53:41,108 INFO 4803 [egg-schedule]: register schedule /Volumes/d/node/日考/6/node_modules/egg-logrotator/app/schedule/clean_log.js
2019-08-14 10:53:41,108 INFO 4803 [egg-schedule]: register schedule /Volumes/d/node/日考/6/node_modules/egg-logrotator/app/schedule/rotate_by_file.js
2019-08-14 10:53:44,651 INFO 4805 [egg-schedule]: register schedule /Volumes/d/node/日考/6/node_modules/egg-multipart/app/schedule/clean_tmpdir.js
2019-08-14 10:53:44,651 INFO 4805 [egg-schedule]: register schedule /Volumes/d/node/日考/6/node_modules/egg-logrotator/app/schedule/clean_log.js
2019-08-14 10:53:44,651 INFO 4805 [egg-schedule]: register schedule /Volumes/d/node/日考/6/node_modules/egg-logrotator/app/schedule/rotate_by_file.js
2019-08-14 10:53:48,549 INFO 4807 [egg-schedule]: register schedule /Volumes/d/node/日考/6/node_modules/egg-multipart/app/schedule/clean_tmpdir.js
2019-08-14 10:53:48,549 INFO 4807 [egg-schedule]: register schedule /Volumes/d/node/日考/6/node_modules/egg-logrotator/app/schedule/clean_log.js
2019-08-14 10:53:48,549 INFO 4807 [egg-schedule]: register schedule /Volumes/d/node/日考/6/node_modules/egg-logrotator/app/schedule/rotate_by_file.js
2019-08-14 10:54:16,377 INFO 4811 [egg-schedule]: register schedule /Volumes/d/node/日考/6/node_modules/egg-multipart/app/schedule/clean_tmpdir.js
2019-08-14 10:54:16,377 INFO 4811 [egg-schedule]: register schedule /Volumes/d/node/日考/6/node_modules/egg-logrotator/app/schedule/clean_log.js
2019-08-14 10:54:16,377 INFO 4811 [egg-schedule]: register schedule /Volumes/d/node/日考/6/node_modules/egg-logrotator/app/schedule/rotate_by_file.js
2019-08-14 10:54:27,803 INFO 4812 [egg-schedule]: register schedule /Volumes/d/node/日考/6/node_modules/egg-multipart/app/schedule/clean_tmpdir.js
2019-08-14 10:54:27,803 INFO 4812 [egg-schedule]: register schedule /Volumes/d/node/日考/6/node_modules/egg-logrotator/app/schedule/clean_log.js
2019-08-14 10:54:27,803 INFO 4812 [egg-schedule]: register schedule /Volumes/d/node/日考/6/node_modules/egg-logrotator/app/schedule/rotate_by_file.js
2019-08-14 10:54:35,535 INFO 4813 [egg-schedule]: register schedule /Volumes/d/node/日考/6/node_modules/egg-multipart/app/schedule/clean_tmpdir.js
2019-08-14 10:54:35,535 INFO 4813 [egg-schedule]: register schedule /Volumes/d/node/日考/6/node_modules/egg-logrotator/app/schedule/clean_log.js
2019-08-14 10:54:35,535 INFO 4813 [egg-schedule]: register schedule /Volumes/d/node/日考/6/node_modules/egg-logrotator/app/schedule/rotate_by_file.js
2019-08-14 10:54:53,099 INFO 4814 [egg-schedule]: register schedule /Volumes/d/node/日考/6/node_modules/egg-multipart/app/schedule/clean_tmpdir.js
2019-08-14 10:54:53,099 INFO 4814 [egg-schedule]: register schedule /Volumes/d/node/日考/6/node_modules/egg-logrotator/app/schedule/clean_log.js
2019-08-14 10:54:53,099 INFO 4814 [egg-schedule]: register schedule /Volumes/d/node/日考/6/node_modules/egg-logrotator/app/schedule/rotate_by_file.js
2019-08-14 10:54:54,047 INFO 4815 [egg-schedule]: register schedule /Volumes/d/node/日考/6/node_modules/egg-multipart/app/schedule/clean_tmpdir.js
2019-08-14 10:54:54,047 INFO 4815 [egg-schedule]: register schedule /Volumes/d/node/日考/6/node_modules/egg-logrotator/app/schedule/clean_log.js
2019-08-14 10:54:54,047 INFO 4815 [egg-schedule]: register schedule /Volumes/d/node/日考/6/node_modules/egg-logrotator/app/schedule/rotate_by_file.js
2019-08-14 10:54:58,168 INFO 4816 [egg-schedule]: register schedule /Volumes/d/node/日考/6/node_modules/egg-multipart/app/schedule/clean_tmpdir.js
2019-08-14 10:54:58,168 INFO 4816 [egg-schedule]: register schedule /Volumes/d/node/日考/6/node_modules/egg-logrotator/app/schedule/clean_log.js
2019-08-14 10:54:58,168 INFO 4816 [egg-schedule]: register schedule /Volumes/d/node/日考/6/node_modules/egg-logrotator/app/schedule/rotate_by_file.js
2019-08-14 10:55:01,574 INFO 4817 [egg-schedule]: register schedule /Volumes/d/node/日考/6/node_modules/egg-multipart/app/schedule/clean_tmpdir.js
2019-08-14 10:55:01,575 INFO 4817 [egg-schedule]: register schedule /Volumes/d/node/日考/6/node_modules/egg-logrotator/app/schedule/clean_log.js
2019-08-14 10:55:01,575 INFO 4817 [egg-schedule]: register schedule /Volumes/d/node/日考/6/node_modules/egg-logrotator/app/schedule/rotate_by_file.js
2019-08-14 10:55:02,544 INFO 4818 [egg-schedule]: register schedule /Volumes/d/node/日考/6/node_modules/egg-multipart/app/schedule/clean_tmpdir.js
2019-08-14 10:55:02,544 INFO 4818 [egg-schedule]: register schedule /Volumes/d/node/日考/6/node_modules/egg-logrotator/app/schedule/clean_log.js
2019-08-14 10:55:02,544 INFO 4818 [egg-schedule]: register schedule /Volumes/d/node/日考/6/node_modules/egg-logrotator/app/schedule/rotate_by_file.js
2019-08-14 10:55:12,913 INFO 4822 [egg-schedule]: register schedule /Volumes/d/node/日考/6/node_modules/egg-multipart/app/schedule/clean_tmpdir.js
2019-08-14 10:55:12,913 INFO 4822 [egg-schedule]: register schedule /Volumes/d/node/日考/6/node_modules/egg-logrotator/app/schedule/clean_log.js
2019-08-14 10:55:12,913 INFO 4822 [egg-schedule]: register schedule /Volumes/d/node/日考/6/node_modules/egg-logrotator/app/schedule/rotate_by_file.js
2019-08-14 10:55:14,747 INFO 4824 [egg-schedule]: register schedule /Volumes/d/node/日考/6/node_modules/egg-multipart/app/schedule/clean_tmpdir.js
2019-08-14 10:55:14,748 INFO 4824 [egg-schedule]: register schedule /Volumes/d/node/日考/6/node_modules/egg-logrotator/app/schedule/clean_log.js
2019-08-14 10:55:14,748 INFO 4824 [egg-schedule]: register schedule /Volumes/d/node/日考/6/node_modules/egg-logrotator/app/schedule/rotate_by_file.js
2019-08-14 10:55:53,583 INFO 4832 [egg-schedule]: register schedule /Volumes/d/node/日考/6/node_modules/egg-multipart/app/schedule/clean_tmpdir.js
2019-08-14 10:55:53,583 INFO 4832 [egg-schedule]: register schedule /Volumes/d/node/日考/6/node_modules/egg-logrotator/app/schedule/clean_log.js
2019-08-14 10:55:53,583 INFO 4832 [egg-schedule]: register schedule /Volumes/d/node/日考/6/node_modules/egg-logrotator/app/schedule/rotate_by_file.js
2019-08-14 10:56:16,643 INFO 4835 [egg-schedule]: register schedule /Volumes/d/node/日考/6/node_modules/egg-multipart/app/schedule/clean_tmpdir.js
2019-08-14 10:56:16,643 INFO 4835 [egg-schedule]: register schedule /Volumes/d/node/日考/6/node_modules/egg-logrotator/app/schedule/clean_log.js
2019-08-14 10:56:16,643 INFO 4835 [egg-schedule]: register schedule /Volumes/d/node/日考/6/node_modules/egg-logrotator/app/schedule/rotate_by_file.js
2019-08-14 11:00:32,634 INFO 4886 [Timer] /Volumes/d/node/日考/6/node_modules/egg-multipart/app/schedule/clean_tmpdir.js next time will execute after 62967369ms at 2019-08-15 04:30:00.003
2019-08-14 11:00:32,635 INFO 4886 [Timer] /Volumes/d/node/日考/6/node_modules/egg-logrotator/app/schedule/clean_log.js next time will execute after 46767366ms at 2019-08-15 00:00:00.001
2019-08-14 11:00:32,635 INFO 4886 [Timer] /Volumes/d/node/日考/6/node_modules/egg-logrotator/app/schedule/rotate_by_file.js next time will execute after 46768365ms at 2019-08-15 00:00:01.000
2019-08-14 11:00:32,465 INFO 4887 [egg-schedule]: register schedule /Volumes/d/node/日考/6/node_modules/egg-multipart/app/schedule/clean_tmpdir.js
2019-08-14 11:00:32,465 INFO 4887 [egg-schedule]: register schedule /Volumes/d/node/日考/6/node_modules/egg-logrotator/app/schedule/clean_log.js
2019-08-14 11:00:32,465 INFO 4887 [egg-schedule]: register schedule /Volumes/d/node/日考/6/node_modules/egg-logrotator/app/schedule/rotate_by_file.js
2019-08-14 11:01:10,049 INFO 4891 [egg-schedule]: register schedule /Volumes/d/node/日考/6/node_modules/egg-multipart/app/schedule/clean_tmpdir.js
2019-08-14 11:01:10,049 INFO 4891 [egg-schedule]: register schedule /Volumes/d/node/日考/6/node_modules/egg-logrotator/app/schedule/clean_log.js
2019-08-14 11:01:10,049 INFO 4891 [egg-schedule]: register schedule /Volumes/d/node/日考/6/node_modules/egg-logrotator/app/schedule/rotate_by_file.js
2019-08-14 11:01:59,572 INFO 4893 [egg-schedule]: register schedule /Volumes/d/node/日考/6/node_modules/egg-multipart/app/schedule/clean_tmpdir.js
2019-08-14 11:01:59,572 INFO 4893 [egg-schedule]: register schedule /Volumes/d/node/日考/6/node_modules/egg-logrotator/app/schedule/clean_log.js
2019-08-14 11:01:59,572 INFO 4893 [egg-schedule]: register schedule /Volumes/d/node/日考/6/node_modules/egg-logrotator/app/schedule/rotate_by_file.js
2019-08-14 11:02:01,851 INFO 4894 [egg-schedule]: register schedule /Volumes/d/node/日考/6/node_modules/egg-multipart/app/schedule/clean_tmpdir.js
2019-08-14 11:02:01,851 INFO 4894 [egg-schedule]: register schedule /Volumes/d/node/日考/6/node_modules/egg-logrotator/app/schedule/clean_log.js
2019-08-14 11:02:01,852 INFO 4894 [egg-schedule]: register schedule /Volumes/d/node/日考/6/node_modules/egg-logrotator/app/schedule/rotate_by_file.js
2019-08-14 11:02:34,811 INFO 4898 [egg-schedule]: register schedule /Volumes/d/node/日考/6/node_modules/egg-multipart/app/schedule/clean_tmpdir.js
2019-08-14 11:02:34,811 INFO 4898 [egg-schedule]: register schedule /Volumes/d/node/日考/6/node_modules/egg-logrotator/app/schedule/clean_log.js
2019-08-14 11:02:34,811 INFO 4898 [egg-schedule]: register schedule /Volumes/d/node/日考/6/node_modules/egg-logrotator/app/schedule/rotate_by_file.js
2019-08-14 11:02:52,233 INFO 4900 [egg-schedule]: register schedule /Volumes/d/node/日考/6/node_modules/egg-multipart/app/schedule/clean_tmpdir.js
2019-08-14 11:02:52,233 INFO 4900 [egg-schedule]: register schedule /Volumes/d/node/日考/6/node_modules/egg-logrotator/app/schedule/clean_log.js
2019-08-14 11:02:52,233 INFO 4900 [egg-schedule]: register schedule /Volumes/d/node/日考/6/node_modules/egg-logrotator/app/schedule/rotate_by_file.js
2019-08-14 11:03:04,074 INFO 4902 [egg-schedule]: register schedule /Volumes/d/node/日考/6/node_modules/egg-multipart/app/schedule/clean_tmpdir.js
2019-08-14 11:03:04,074 INFO 4902 [egg-schedule]: register schedule /Volumes/d/node/日考/6/node_modules/egg-logrotator/app/schedule/clean_log.js
2019-08-14 11:03:04,074 INFO 4902 [egg-schedule]: register schedule /Volumes/d/node/日考/6/node_modules/egg-logrotator/app/schedule/rotate_by_file.js
2019-08-14 11:03:19,383 INFO 4903 [egg-schedule]: register schedule /Volumes/d/node/日考/6/node_modules/egg-multipart/app/schedule/clean_tmpdir.js
2019-08-14 11:03:19,383 INFO 4903 [egg-schedule]: register schedule /Volumes/d/node/日考/6/node_modules/egg-logrotator/app/schedule/clean_log.js
2019-08-14 11:03:19,383 INFO 4903 [egg-schedule]: register schedule /Volumes/d/node/日考/6/node_modules/egg-logrotator/app/schedule/rotate_by_file.js
2019-08-14 11:22:32,263 INFO 5164 [Timer] /Volumes/d/node/日考/6/node_modules/egg-multipart/app/schedule/clean_tmpdir.js next time will execute after 61647741ms at 2019-08-15 04:30:00.004
2019-08-14 11:22:32,263 INFO 5164 [Timer] /Volumes/d/node/日考/6/node_modules/egg-logrotator/app/schedule/clean_log.js next time will execute after 45447737ms at 2019-08-15 00:00:00.000
2019-08-14 11:22:32,264 INFO 5164 [Timer] /Volumes/d/node/日考/6/node_modules/egg-logrotator/app/schedule/rotate_by_file.js next time will execute after 45448737ms at 2019-08-15 00:00:01.001
2019-08-14 11:22:31,860 INFO 5165 [egg-schedule]: register schedule /Volumes/d/node/日考/6/node_modules/egg-multipart/app/schedule/clean_tmpdir.js
2019-08-14 11:22:31,860 INFO 5165 [egg-schedule]: register schedule /Volumes/d/node/日考/6/node_modules/egg-logrotator/app/schedule/clean_log.js
2019-08-14 11:22:31,860 INFO 5165 [egg-schedule]: register schedule /Volumes/d/node/日考/6/node_modules/egg-logrotator/app/schedule/rotate_by_file.js
2019-08-14 11:36:02,181 INFO 5297 [Timer] /Volumes/d/node/学习aaaaaa/跨域/demo-egg/node_modules/egg-multipart/app/schedule/clean_tmpdir.js next time will execute after 60837822ms at 2019-08-15 04:30:00.003
2019-08-14 11:36:02,181 INFO 5297 [Timer] /Volumes/d/node/学习aaaaaa/跨域/demo-egg/node_modules/egg-logrotator/app/schedule/clean_log.js next time will execute after 44637819ms at 2019-08-15 00:00:00.000
2019-08-14 11:36:02,181 INFO 5297 [Timer] /Volumes/d/node/学习aaaaaa/跨域/demo-egg/node_modules/egg-logrotator/app/schedule/rotate_by_file.js next time will execute after 44638819ms at 2019-08-15 00:00:01.000
2019-08-14 11:36:02,047 INFO 5298 [egg-schedule]: register schedule /Volumes/d/node/学习aaaaaa/跨域/demo-egg/node_modules/egg-multipart/app/schedule/clean_tmpdir.js
2019-08-14 11:36:02,047 INFO 5298 [egg-schedule]: register schedule /Volumes/d/node/学习aaaaaa/跨域/demo-egg/node_modules/egg-logrotator/app/schedule/clean_log.js
2019-08-14 11:36:02,047 INFO 5298 [egg-schedule]: register schedule /Volumes/d/node/学习aaaaaa/跨域/demo-egg/node_modules/egg-logrotator/app/schedule/rotate_by_file.js
2019-08-14 11:39:36,926 INFO 5326 [Timer] /Volumes/d/node/学习aaaaaa/跨域/demo-egg/node_modules/egg-multipart/app/schedule/clean_tmpdir.js next time will execute after 60623077ms at 2019-08-15 04:30:00.003
2019-08-14 11:39:36,927 INFO 5326 [Timer] /Volumes/d/node/学习aaaaaa/跨域/demo-egg/node_modules/egg-logrotator/app/schedule/clean_log.js next time will execute after 44423074ms at 2019-08-15 00:00:00.001
2019-08-14 11:39:36,927 INFO 5326 [Timer] /Volumes/d/node/学习aaaaaa/跨域/demo-egg/node_modules/egg-logrotator/app/schedule/rotate_by_file.js next time will execute after 44424073ms at 2019-08-15 00:00:01.000
2019-08-14 11:39:36,793 INFO 5327 [egg-schedule]: register schedule /Volumes/d/node/学习aaaaaa/跨域/demo-egg/node_modules/egg-multipart/app/schedule/clean_tmpdir.js
2019-08-14 11:39:36,793 INFO 5327 [egg-schedule]: register schedule /Volumes/d/node/学习aaaaaa/跨域/demo-egg/node_modules/egg-logrotator/app/schedule/clean_log.js
2019-08-14 11:39:36,793 INFO 5327 [egg-schedule]: register schedule /Volumes/d/node/学习aaaaaa/跨域/demo-egg/node_modules/egg-logrotator/app/schedule/rotate_by_file.js
2019-08-14 11:53:04,817 INFO 5431 [egg-schedule]: register schedule /Volumes/d/node/学习aaaaaa/跨域/demo-egg/node_modules/egg-multipart/app/schedule/clean_tmpdir.js
2019-08-14 11:53:04,817 INFO 5431 [egg-schedule]: register schedule /Volumes/d/node/学习aaaaaa/跨域/demo-egg/node_modules/egg-logrotator/app/schedule/clean_log.js
2019-08-14 11:53:04,817 INFO 5431 [egg-schedule]: register schedule /Volumes/d/node/学习aaaaaa/跨域/demo-egg/node_modules/egg-logrotator/app/schedule/rotate_by_file.js
2019-08-14 11:53:06,022 INFO 5435 [egg-schedule]: register schedule /Volumes/d/node/学习aaaaaa/跨域/demo-egg/node_modules/egg-multipart/app/schedule/clean_tmpdir.js
2019-08-14 11:53:06,022 INFO 5435 [egg-schedule]: register schedule /Volumes/d/node/学习aaaaaa/跨域/demo-egg/node_modules/egg-logrotator/app/schedule/clean_log.js
2019-08-14 11:53:06,022 INFO 5435 [egg-schedule]: register schedule /Volumes/d/node/学习aaaaaa/跨域/demo-egg/node_modules/egg-logrotator/app/schedule/rotate_by_file.js
2019-08-14 11:54:50,558 INFO 5446 [egg-schedule]: register schedule /Volumes/d/node/学习aaaaaa/跨域/demo-egg/node_modules/egg-multipart/app/schedule/clean_tmpdir.js
2019-08-14 11:54:50,559 INFO 5446 [egg-schedule]: register schedule /Volumes/d/node/学习aaaaaa/跨域/demo-egg/node_modules/egg-logrotator/app/schedule/clean_log.js
2019-08-14 11:54:50,559 INFO 5446 [egg-schedule]: register schedule /Volumes/d/node/学习aaaaaa/跨域/demo-egg/node_modules/egg-logrotator/app/schedule/rotate_by_file.js
2019-08-14 11:54:51,777 INFO 5447 [egg-schedule]: register schedule /Volumes/d/node/学习aaaaaa/跨域/demo-egg/node_modules/egg-multipart/app/schedule/clean_tmpdir.js
2019-08-14 11:54:51,777 INFO 5447 [egg-schedule]: register schedule /Volumes/d/node/学习aaaaaa/跨域/demo-egg/node_modules/egg-logrotator/app/schedule/clean_log.js
2019-08-14 11:54:51,777 INFO 5447 [egg-schedule]: register schedule /Volumes/d/node/学习aaaaaa/跨域/demo-egg/node_modules/egg-logrotator/app/schedule/rotate_by_file.js
2019-08-14 11:55:25,290 INFO 5451 [egg-schedule]: register schedule /Volumes/d/node/学习aaaaaa/跨域/demo-egg/node_modules/egg-multipart/app/schedule/clean_tmpdir.js
2019-08-14 11:55:25,290 INFO 5451 [egg-schedule]: register schedule /Volumes/d/node/学习aaaaaa/跨域/demo-egg/node_modules/egg-logrotator/app/schedule/clean_log.js
2019-08-14 11:55:25,290 INFO 5451 [egg-schedule]: register schedule /Volumes/d/node/学习aaaaaa/跨域/demo-egg/node_modules/egg-logrotator/app/schedule/rotate_by_file.js
2019-08-14 11:55:26,111 INFO 5452 [egg-schedule]: register schedule /Volumes/d/node/学习aaaaaa/跨域/demo-egg/node_modules/egg-multipart/app/schedule/clean_tmpdir.js
2019-08-14 11:55:26,111 INFO 5452 [egg-schedule]: register schedule /Volumes/d/node/学习aaaaaa/跨域/demo-egg/node_modules/egg-logrotator/app/schedule/clean_log.js
2019-08-14 11:55:26,111 INFO 5452 [egg-schedule]: register schedule /Volumes/d/node/学习aaaaaa/跨域/demo-egg/node_modules/egg-logrotator/app/schedule/rotate_by_file.js
2019-08-14 11:55:28,715 INFO 5453 [egg-schedule]: register schedule /Volumes/d/node/学习aaaaaa/跨域/demo-egg/node_modules/egg-multipart/app/schedule/clean_tmpdir.js
2019-08-14 11:55:28,715 INFO 5453 [egg-schedule]: register schedule /Volumes/d/node/学习aaaaaa/跨域/demo-egg/node_modules/egg-logrotator/app/schedule/clean_log.js
2019-08-14 11:55:28,715 INFO 5453 [egg-schedule]: register schedule /Volumes/d/node/学习aaaaaa/跨域/demo-egg/node_modules/egg-logrotator/app/schedule/rotate_by_file.js
2019-08-14 11:55:29,583 INFO 5454 [egg-schedule]: register schedule /Volumes/d/node/学习aaaaaa/跨域/demo-egg/node_modules/egg-multipart/app/schedule/clean_tmpdir.js
2019-08-14 11:55:29,583 INFO 5454 [egg-schedule]: register schedule /Volumes/d/node/学习aaaaaa/跨域/demo-egg/node_modules/egg-logrotator/app/schedule/clean_log.js
2019-08-14 11:55:29,583 INFO 5454 [egg-schedule]: register schedule /Volumes/d/node/学习aaaaaa/跨域/demo-egg/node_modules/egg-logrotator/app/schedule/rotate_by_file.js
2019-08-14 11:55:29,990 INFO 5455 [egg-schedule]: register schedule /Volumes/d/node/学习aaaaaa/跨域/demo-egg/node_modules/egg-multipart/app/schedule/clean_tmpdir.js
2019-08-14 11:55:29,990 INFO 5455 [egg-schedule]: register schedule /Volumes/d/node/学习aaaaaa/跨域/demo-egg/node_modules/egg-logrotator/app/schedule/clean_log.js
2019-08-14 11:55:29,990 INFO 5455 [egg-schedule]: register schedule /Volumes/d/node/学习aaaaaa/跨域/demo-egg/node_modules/egg-logrotator/app/schedule/rotate_by_file.js
2019-08-14 11:55:34,116 INFO 5457 [egg-schedule]: register schedule /Volumes/d/node/学习aaaaaa/跨域/demo-egg/node_modules/egg-multipart/app/schedule/clean_tmpdir.js
2019-08-14 11:55:34,116 INFO 5457 [egg-schedule]: register schedule /Volumes/d/node/学习aaaaaa/跨域/demo-egg/node_modules/egg-logrotator/app/schedule/clean_log.js
2019-08-14 11:55:34,116 INFO 5457 [egg-schedule]: register schedule /Volumes/d/node/学习aaaaaa/跨域/demo-egg/node_modules/egg-logrotator/app/schedule/rotate_by_file.js
2019-08-14 11:55:34,952 INFO 5458 [egg-schedule]: register schedule /Volumes/d/node/学习aaaaaa/跨域/demo-egg/node_modules/egg-multipart/app/schedule/clean_tmpdir.js
2019-08-14 11:55:34,952 INFO 5458 [egg-schedule]: register schedule /Volumes/d/node/学习aaaaaa/跨域/demo-egg/node_modules/egg-logrotator/app/schedule/clean_log.js
2019-08-14 11:55:34,952 INFO 5458 [egg-schedule]: register schedule /Volumes/d/node/学习aaaaaa/跨域/demo-egg/node_modules/egg-logrotator/app/schedule/rotate_by_file.js
2019-08-14 11:55:37,869 INFO 5459 [egg-schedule]: register schedule /Volumes/d/node/学习aaaaaa/跨域/demo-egg/node_modules/egg-multipart/app/schedule/clean_tmpdir.js
2019-08-14 11:55:37,869 INFO 5459 [egg-schedule]: register schedule /Volumes/d/node/学习aaaaaa/跨域/demo-egg/node_modules/egg-logrotator/app/schedule/clean_log.js
2019-08-14 11:55:37,869 INFO 5459 [egg-schedule]: register schedule /Volumes/d/node/学习aaaaaa/跨域/demo-egg/node_modules/egg-logrotator/app/schedule/rotate_by_file.js
2019-08-14 13:56:32,770 INFO 5493 [egg-schedule]: register schedule /Volumes/d/node/学习aaaaaa/跨域/demo-egg/node_modules/egg-multipart/app/schedule/clean_tmpdir.js
2019-08-14 13:56:32,770 INFO 5493 [egg-schedule]: register schedule /Volumes/d/node/学习aaaaaa/跨域/demo-egg/node_modules/egg-logrotator/app/schedule/clean_log.js
2019-08-14 13:56:32,770 INFO 5493 [egg-schedule]: register schedule /Volumes/d/node/学习aaaaaa/跨域/demo-egg/node_modules/egg-logrotator/app/schedule/rotate_by_file.js
2019-08-14 13:56:33,933 INFO 5495 [egg-schedule]: register schedule /Volumes/d/node/学习aaaaaa/跨域/demo-egg/node_modules/egg-multipart/app/schedule/clean_tmpdir.js
2019-08-14 13:56:33,934 INFO 5495 [egg-schedule]: register schedule /Volumes/d/node/学习aaaaaa/跨域/demo-egg/node_modules/egg-logrotator/app/schedule/clean_log.js
2019-08-14 13:56:33,934 INFO 5495 [egg-schedule]: register schedule /Volumes/d/node/学习aaaaaa/跨域/demo-egg/node_modules/egg-logrotator/app/schedule/rotate_by_file.js
2019-09-02 09:14:49,612 INFO 3036 [Timer] /Volumes/d/node/学习aaaaaa/跨域/demo-egg/node_modules/egg-multipart/app/schedule/clean_tmpdir.js next time will execute after 69310392ms at 2019-09-03 04:30:00.004
2019-09-02 09:14:49,613 INFO 3036 [Timer] /Volumes/d/node/学习aaaaaa/跨域/demo-egg/node_modules/egg-logrotator/app/schedule/clean_log.js next time will execute after 53110388ms at 2019-09-03 00:00:00.001
2019-09-02 09:14:49,614 INFO 3036 [Timer] /Volumes/d/node/学习aaaaaa/跨域/demo-egg/node_modules/egg-logrotator/app/schedule/rotate_by_file.js next time will execute after 53111387ms at 2019-09-03 00:00:01.001
2019-09-02 09:14:49,355 INFO 3037 [egg-schedule]: register schedule /Volumes/d/node/学习aaaaaa/跨域/demo-egg/node_modules/egg-multipart/app/schedule/clean_tmpdir.js
2019-09-02 09:14:49,356 INFO 3037 [egg-schedule]: register schedule /Volumes/d/node/学习aaaaaa/跨域/demo-egg/node_modules/egg-logrotator/app/schedule/clean_log.js
2019-09-02 09:14:49,356 INFO 3037 [egg-schedule]: register schedule /Volumes/d/node/学习aaaaaa/跨域/demo-egg/node_modules/egg-logrotator/app/schedule/rotate_by_file.js
2019-09-02 09:18:26,304 INFO 3152 [egg-schedule]: register schedule /Volumes/d/node/学习aaaaaa/跨域/demo-egg/node_modules/egg-multipart/app/schedule/clean_tmpdir.js
2019-09-02 09:18:26,304 INFO 3152 [egg-schedule]: register schedule /Volumes/d/node/学习aaaaaa/跨域/demo-egg/node_modules/egg-logrotator/app/schedule/clean_log.js
2019-09-02 09:18:26,304 INFO 3152 [egg-schedule]: register schedule /Volumes/d/node/学习aaaaaa/跨域/demo-egg/node_modules/egg-logrotator/app/schedule/rotate_by_file.js
2019-09-02 09:18:51,749 INFO 3155 [egg-schedule]: register schedule /Volumes/d/node/学习aaaaaa/跨域/demo-egg/node_modules/egg-multipart/app/schedule/clean_tmpdir.js
2019-09-02 09:18:51,749 INFO 3155 [egg-schedule]: register schedule /Volumes/d/node/学习aaaaaa/跨域/demo-egg/node_modules/egg-logrotator/app/schedule/clean_log.js
2019-09-02 09:18:51,749 INFO 3155 [egg-schedule]: register schedule /Volumes/d/node/学习aaaaaa/跨域/demo-egg/node_modules/egg-logrotator/app/schedule/rotate_by_file.js
2019-09-02 09:19:23,051 INFO 3162 [egg-schedule]: register schedule /Volumes/d/node/学习aaaaaa/跨域/demo-egg/node_modules/egg-multipart/app/schedule/clean_tmpdir.js
2019-09-02 09:19:23,051 INFO 3162 [egg-schedule]: register schedule /Volumes/d/node/学习aaaaaa/跨域/demo-egg/node_modules/egg-logrotator/app/schedule/clean_log.js
2019-09-02 09:19:23,051 INFO 3162 [egg-schedule]: register schedule /Volumes/d/node/学习aaaaaa/跨域/demo-egg/node_modules/egg-logrotator/app/schedule/rotate_by_file.js
2019-09-02 09:19:23,205 INFO 3161 [Timer] /Volumes/d/node/学习aaaaaa/跨域/demo-egg/node_modules/egg-multipart/app/schedule/clean_tmpdir.js next time will execute after 69036798ms at 2019-09-03 04:30:00.003
2019-09-02 09:19:23,205 INFO 3161 [Timer] /Volumes/d/node/学习aaaaaa/跨域/demo-egg/node_modules/egg-logrotator/app/schedule/clean_log.js next time will execute after 52836795ms at 2019-09-03 00:00:00.000
2019-09-02 09:19:23,206 INFO 3161 [Timer] /Volumes/d/node/学习aaaaaa/跨域/demo-egg/node_modules/egg-logrotator/app/schedule/rotate_by_file.js next time will execute after 52837795ms at 2019-09-03 00:00:01.001
2019-09-02 09:20:45,981 INFO 3213 [egg-schedule]: register schedule /Volumes/d/node/学习aaaaaa/跨域/demo-egg/node_modules/egg-multipart/app/schedule/clean_tmpdir.js
2019-09-02 09:20:45,981 INFO 3213 [egg-schedule]: register schedule /Volumes/d/node/学习aaaaaa/跨域/demo-egg/node_modules/egg-logrotator/app/schedule/clean_log.js
2019-09-02 09:20:45,981 INFO 3213 [egg-schedule]: register schedule /Volumes/d/node/学习aaaaaa/跨域/demo-egg/node_modules/egg-logrotator/app/schedule/rotate_by_file.js
2019-09-02 09:20:46,146 INFO 3212 [Timer] /Volumes/d/node/学习aaaaaa/跨域/demo-egg/node_modules/egg-multipart/app/schedule/clean_tmpdir.js next time will execute after 68953857ms at 2019-09-03 04:30:00.003
2019-09-02 09:20:46,146 INFO 3212 [Timer] /Volumes/d/node/学习aaaaaa/跨域/demo-egg/node_modules/egg-logrotator/app/schedule/clean_log.js next time will execute after 52753854ms at 2019-09-03 00:00:00.000
2019-09-02 09:20:46,147 INFO 3212 [Timer] /Volumes/d/node/学习aaaaaa/跨域/demo-egg/node_modules/egg-logrotator/app/schedule/rotate_by_file.js next time will execute after 52754854ms at 2019-09-03 00:00:01.001
2019-09-02 09:20:52,846 INFO 3216 [egg-schedule]: register schedule /Volumes/d/node/学习aaaaaa/跨域/demo-egg/node_modules/egg-multipart/app/schedule/clean_tmpdir.js
2019-09-02 09:20:52,846 INFO 3216 [egg-schedule]: register schedule /Volumes/d/node/学习aaaaaa/跨域/demo-egg/node_modules/egg-logrotator/app/schedule/clean_log.js
2019-09-02 09:20:52,846 INFO 3216 [egg-schedule]: register schedule /Volumes/d/node/学习aaaaaa/跨域/demo-egg/node_modules/egg-logrotator/app/schedule/rotate_by_file.js
